c:\users\nrel_note\documents\dropbox\seongjin\kaist\treadmill\1)kinect\udtvsps_experiment_161202\udt_ir\x64\release\udt_ir.pch
c:\users\nrel_note\documents\dropbox\seongjin\kaist\treadmill\1)kinect\udtvsps_experiment_161202\udt_ir\x64\release\vc120.pdb
c:\users\nrel_note\documents\dropbox\seongjin\kaist\treadmill\1)kinect\udtvsps_experiment_161202\udt_ir\x64\release\stdafx.obj
c:\users\nrel_note\documents\dropbox\seongjin\kaist\treadmill\1)kinect\udtvsps_experiment_161202\udt_ir\x64\release\vrclientsocket.obj
c:\users\nrel_note\documents\dropbox\seongjin\kaist\treadmill\1)kinect\udtvsps_experiment_161202\udt_ir\x64\release\udt_irdlg.obj
c:\users\nrel_note\documents\dropbox\seongjin\kaist\treadmill\1)kinect\udtvsps_experiment_161202\udt_ir\x64\release\udt_ir.obj
c:\users\nrel_note\documents\dropbox\seongjin\kaist\treadmill\1)kinect\udtvsps_experiment_161202\udt_ir\x64\release\modedlg.obj
c:\users\nrel_note\documents\dropbox\seongjin\kaist\treadmill\1)kinect\udtvsps_experiment_161202\udt_ir\x64\release\dxrenderer.obj
c:\users\nrel_note\documents\dropbox\seongjin\kaist\treadmill\1)kinect\udtvsps_experiment_161202\udt_ir\x64\release\commthread.obj
c:\users\nrel_note\documents\dropbox\seongjin\kaist\treadmill\1)kinect\udtvsps_experiment_161202\x64\release\udt_ir.exe
c:\users\nrel_note\documents\dropbox\seongjin\kaist\treadmill\1)kinect\udtvsps_experiment_161202\udt_ir\x64\release\udt_ir.res
c:\users\nrel_note\documents\dropbox\seongjin\kaist\treadmill\1)kinect\udtvsps_experiment_161202\udt_ir\x64\release\udt_ir.tlog\cl.command.1.tlog
c:\users\nrel_note\documents\dropbox\seongjin\kaist\treadmill\1)kinect\udtvsps_experiment_161202\udt_ir\x64\release\udt_ir.tlog\cl.read.1.tlog
c:\users\nrel_note\documents\dropbox\seongjin\kaist\treadmill\1)kinect\udtvsps_experiment_161202\udt_ir\x64\release\udt_ir.tlog\cl.write.1.tlog
c:\users\nrel_note\documents\dropbox\seongjin\kaist\treadmill\1)kinect\udtvsps_experiment_161202\udt_ir\x64\release\udt_ir.tlog\link.command.1.tlog
c:\users\nrel_note\documents\dropbox\seongjin\kaist\treadmill\1)kinect\udtvsps_experiment_161202\udt_ir\x64\release\udt_ir.tlog\link.read.1.tlog
c:\users\nrel_note\documents\dropbox\seongjin\kaist\treadmill\1)kinect\udtvsps_experiment_161202\udt_ir\x64\release\udt_ir.tlog\link.write.1.tlog
c:\users\nrel_note\documents\dropbox\seongjin\kaist\treadmill\1)kinect\udtvsps_experiment_161202\udt_ir\x64\release\udt_ir.tlog\rc.command.1.tlog
c:\users\nrel_note\documents\dropbox\seongjin\kaist\treadmill\1)kinect\udtvsps_experiment_161202\udt_ir\x64\release\udt_ir.tlog\rc.read.1.tlog
c:\users\nrel_note\documents\dropbox\seongjin\kaist\treadmill\1)kinect\udtvsps_experiment_161202\udt_ir\x64\release\udt_ir.tlog\rc.write.1.tlog
