c:\users\nrel_note\documents\dropbox\10_kinect\udtcontroller_ir\udtcontroller\x64\release\udtcontroller.pch
c:\users\nrel_note\documents\dropbox\10_kinect\udtcontroller_ir\udtcontroller\x64\release\vc120.pdb
c:\users\nrel_note\documents\dropbox\10_kinect\udtcontroller_ir\udtcontroller\x64\release\stdafx.obj
c:\users\nrel_note\documents\dropbox\10_kinect\udtcontroller_ir\udtcontroller\x64\release\vrclientsocket.obj
c:\users\nrel_note\documents\dropbox\10_kinect\udtcontroller_ir\udtcontroller\x64\release\udtcontrollerdlg.obj
c:\users\nrel_note\documents\dropbox\10_kinect\udtcontroller_ir\udtcontroller\x64\release\udtcontroller.obj
c:\users\nrel_note\documents\dropbox\10_kinect\udtcontroller_ir\udtcontroller\x64\release\udtclientsocket.obj
c:\users\nrel_note\documents\dropbox\10_kinect\udtcontroller_ir\udtcontroller\x64\release\modedlg.obj
c:\users\nrel_note\documents\dropbox\10_kinect\udtcontroller_ir\udtcontroller\x64\release\dxrenderer.obj
c:\users\nrel_note\documents\dropbox\10_kinect\udtcontroller_ir\udtcontroller\x64\release\commthread.obj
c:\users\nrel_note\documents\dropbox\10_kinect\udtcontroller_ir\x64\release\udtcontroller.exe
c:\users\nrel_note\documents\dropbox\10_kinect\udtcontroller_ir\udtcontroller\x64\release\udtcontroller.res
c:\users\nrel_note\documents\dropbox\10_kinect\udtcontroller_ir\udtcontroller\x64\release\commthread (desktop-06fg7l7의 충돌된 사본 2016-07-31).obj
c:\users\nrel_note\documents\dropbox\10_kinect\udtcontroller_ir\udtcontroller\x64\release\dxrenderer (desktop-06fg7l7의 충돌된 사본 2016-07-31).obj
c:\users\nrel_note\documents\dropbox\10_kinect\udtcontroller_ir\udtcontroller\x64\release\modedlg (desktop-06fg7l7의 충돌된 사본 2016-07-31).obj
c:\users\nrel_note\documents\dropbox\10_kinect\udtcontroller_ir\udtcontroller\x64\release\udtclientsocket (desktop-06fg7l7의 충돌된 사본 2016-07-31).obj
c:\users\nrel_note\documents\dropbox\10_kinect\udtcontroller_ir\udtcontroller\x64\release\udtcontroller (desktop-06fg7l7의 충돌된 사본 2016-07-31).obj
c:\users\nrel_note\documents\dropbox\10_kinect\udtcontroller_ir\udtcontroller\x64\release\udtcontrollerdlg (desktop-1rhvlqn의 충돌된 사본 2016-07-31).obj
c:\users\nrel_note\documents\dropbox\10_kinect\udtcontroller_ir\udtcontroller\x64\release\vrclientsocket (desktop-06fg7l7의 충돌된 사본 2016-07-31).obj
c:\users\nrel_note\documents\dropbox\10_kinect\udtcontroller_ir\udtcontroller\x64\release\vc120 (desktop-1rhvlqn의 충돌된 사본 2016-07-31).pdb
c:\users\nrel_note\documents\dropbox\10_kinect\udtcontroller_ir\udtcontroller\x64\release\udtcontroller.tlog\cl.command.1 (desktop-1rhvlqn의 충돌된 사본 2016-07-31).tlog
c:\users\nrel_note\documents\dropbox\10_kinect\udtcontroller_ir\udtcontroller\x64\release\udtcontroller.tlog\cl.command.1.tlog
c:\users\nrel_note\documents\dropbox\10_kinect\udtcontroller_ir\udtcontroller\x64\release\udtcontroller.tlog\cl.read.1 (desktop-1rhvlqn의 충돌된 사본 2016-07-31).tlog
c:\users\nrel_note\documents\dropbox\10_kinect\udtcontroller_ir\udtcontroller\x64\release\udtcontroller.tlog\cl.read.1.tlog
c:\users\nrel_note\documents\dropbox\10_kinect\udtcontroller_ir\udtcontroller\x64\release\udtcontroller.tlog\cl.write.1 (desktop-1rhvlqn의 충돌된 사본 2016-07-31).tlog
c:\users\nrel_note\documents\dropbox\10_kinect\udtcontroller_ir\udtcontroller\x64\release\udtcontroller.tlog\cl.write.1.tlog
c:\users\nrel_note\documents\dropbox\10_kinect\udtcontroller_ir\udtcontroller\x64\release\udtcontroller.tlog\link.command.1 (desktop-06fg7l7의 충돌된 사본 2016-07-31).tlog
c:\users\nrel_note\documents\dropbox\10_kinect\udtcontroller_ir\udtcontroller\x64\release\udtcontroller.tlog\link.command.1.tlog
c:\users\nrel_note\documents\dropbox\10_kinect\udtcontroller_ir\udtcontroller\x64\release\udtcontroller.tlog\link.read.1 (desktop-1rhvlqn의 충돌된 사본 2016-07-31).tlog
c:\users\nrel_note\documents\dropbox\10_kinect\udtcontroller_ir\udtcontroller\x64\release\udtcontroller.tlog\link.write.1 (desktop-06fg7l7의 충돌된 사본 2016-07-31).tlog
c:\users\nrel_note\documents\dropbox\10_kinect\udtcontroller_ir\udtcontroller\x64\release\udtcontroller.tlog\rc.command.1.tlog
c:\users\nrel_note\documents\dropbox\10_kinect\udtcontroller_ir\udtcontroller\x64\release\udtcontroller.tlog\rc.read.1.tlog
c:\users\nrel_note\documents\dropbox\10_kinect\udtcontroller_ir\udtcontroller\x64\release\udtcontroller.tlog\rc.write.1.tlog
