c:\users\nrel_note\documents\dropbox\seongjin\kaist\treadmill\treadmill control\udtvsps_experiment_170318\udt_ir\x64\debug\udt_ir.pch
c:\users\nrel_note\documents\dropbox\seongjin\kaist\treadmill\treadmill control\udtvsps_experiment_170318\udt_ir\x64\debug\vc120.pdb
c:\users\nrel_note\documents\dropbox\seongjin\kaist\treadmill\treadmill control\udtvsps_experiment_170318\udt_ir\x64\debug\vc120.idb
c:\users\nrel_note\documents\dropbox\seongjin\kaist\treadmill\treadmill control\udtvsps_experiment_170318\udt_ir\x64\debug\stdafx.obj
c:\users\nrel_note\documents\dropbox\seongjin\kaist\treadmill\treadmill control\udtvsps_experiment_170318\udt_ir\x64\debug\commthread.obj
c:\users\nrel_note\documents\dropbox\seongjin\kaist\treadmill\treadmill control\udtvsps_experiment_170318\udt_ir\x64\debug\dxrenderer.obj
c:\users\nrel_note\documents\dropbox\seongjin\kaist\treadmill\treadmill control\udtvsps_experiment_170318\udt_ir\x64\debug\modedlg.obj
c:\users\nrel_note\documents\dropbox\seongjin\kaist\treadmill\treadmill control\udtvsps_experiment_170318\udt_ir\x64\debug\udt_ir.obj
c:\users\nrel_note\documents\dropbox\seongjin\kaist\treadmill\treadmill control\udtvsps_experiment_170318\udt_ir\x64\debug\udt_irdlg.obj
c:\users\nrel_note\documents\dropbox\seongjin\kaist\treadmill\treadmill control\udtvsps_experiment_170318\udt_ir\x64\debug\vrclientsocket.obj
c:\users\nrel_note\documents\dropbox\seongjin\kaist\treadmill\treadmill control\udtvsps_experiment_170318\x64\debug\udt_ir.ilk
c:\users\nrel_note\documents\dropbox\seongjin\kaist\treadmill\treadmill control\udtvsps_experiment_170318\x64\debug\udt_ir.exe
c:\users\nrel_note\documents\dropbox\seongjin\kaist\treadmill\treadmill control\udtvsps_experiment_170318\x64\debug\udt_ir.pdb
c:\users\nrel_note\documents\dropbox\seongjin\kaist\treadmill\treadmill control\udtvsps_experiment_170318\udt_ir\x64\debug\udt_ir.res
c:\users\nrel_note\documents\dropbox\seongjin\kaist\treadmill\treadmill control\udtvsps_experiment_170318\udt_ir\x64\debug\udt_ir.tlog\cl.command.1.tlog
c:\users\nrel_note\documents\dropbox\seongjin\kaist\treadmill\treadmill control\udtvsps_experiment_170318\udt_ir\x64\debug\udt_ir.tlog\cl.read.1.tlog
c:\users\nrel_note\documents\dropbox\seongjin\kaist\treadmill\treadmill control\udtvsps_experiment_170318\udt_ir\x64\debug\udt_ir.tlog\cl.write.1.tlog
c:\users\nrel_note\documents\dropbox\seongjin\kaist\treadmill\treadmill control\udtvsps_experiment_170318\udt_ir\x64\debug\udt_ir.tlog\link-cvtres.read.1.tlog
c:\users\nrel_note\documents\dropbox\seongjin\kaist\treadmill\treadmill control\udtvsps_experiment_170318\udt_ir\x64\debug\udt_ir.tlog\link-mt.read.1.tlog
c:\users\nrel_note\documents\dropbox\seongjin\kaist\treadmill\treadmill control\udtvsps_experiment_170318\udt_ir\x64\debug\udt_ir.tlog\link-rc.read.1.tlog
c:\users\nrel_note\documents\dropbox\seongjin\kaist\treadmill\treadmill control\udtvsps_experiment_170318\udt_ir\x64\debug\udt_ir.tlog\link-rc.write.1.tlog
c:\users\nrel_note\documents\dropbox\seongjin\kaist\treadmill\treadmill control\udtvsps_experiment_170318\udt_ir\x64\debug\udt_ir.tlog\link.command.1.tlog
c:\users\nrel_note\documents\dropbox\seongjin\kaist\treadmill\treadmill control\udtvsps_experiment_170318\udt_ir\x64\debug\udt_ir.tlog\link.read.1.tlog
c:\users\nrel_note\documents\dropbox\seongjin\kaist\treadmill\treadmill control\udtvsps_experiment_170318\udt_ir\x64\debug\udt_ir.tlog\link.write.1.tlog
c:\users\nrel_note\documents\dropbox\seongjin\kaist\treadmill\treadmill control\udtvsps_experiment_170318\udt_ir\x64\debug\udt_ir.tlog\rc.command.1.tlog
c:\users\nrel_note\documents\dropbox\seongjin\kaist\treadmill\treadmill control\udtvsps_experiment_170318\udt_ir\x64\debug\udt_ir.tlog\rc.read.1.tlog
c:\users\nrel_note\documents\dropbox\seongjin\kaist\treadmill\treadmill control\udtvsps_experiment_170318\udt_ir\x64\debug\udt_ir.tlog\rc.write.1.tlog
